<?xml version="1.0" encoding="UTF-8"?>
<testng-results ignored="0" total="1" passed="1" failed="0" skipped="0">
  <reporter-output>
  </reporter-output>
  <suite started-at="2024-07-01T04:43:24 IST" name="Suite" finished-at="2024-07-01T04:43:52 IST" duration-ms="27683">
    <groups>
    </groups>
    <test started-at="2024-07-01T04:43:24 IST" name="Test" finished-at="2024-07-01T04:43:52 IST" duration-ms="27683">
      <class name="com.TestProject.TestScipts.TestCaseOne">
        <test-method is-config="true" signature="beforeMethod()[pri:0, instance:com.TestProject.TestScipts.TestCaseOne@58d75e99]" started-at="2024-07-01T04:43:24 IST" name="beforeMethod" finished-at="2024-07-01T04:43:36 IST" duration-ms="11713" status="PASS">
          <reporter-output>
          </reporter-output>
        </test-method> <!-- beforeMethod -->
        <test-method signature="testCompleteFlow()[pri:0, instance:com.TestProject.TestScipts.TestCaseOne@58d75e99]" started-at="2024-07-01T04:43:36 IST" name="testCompleteFlow" finished-at="2024-07-01T04:43:51 IST" duration-ms="15473" status="PASS">
          <reporter-output>
          </reporter-output>
        </test-method> <!-- testCompleteFlow -->
        <test-method is-config="true" signature="afterMethod()[pri:0, instance:com.TestProject.TestScipts.TestCaseOne@58d75e99]" started-at="2024-07-01T04:43:51 IST" name="afterMethod" finished-at="2024-07-01T04:43:52 IST" duration-ms="460" status="PASS">
          <reporter-output>
          </reporter-output>
        </test-method> <!-- afterMethod -->
      </class> <!-- com.TestProject.TestScipts.TestCaseOne -->
    </test> <!-- Test -->
  </suite> <!-- Suite -->
</testng-results>
